2017-08-12 04:46:16,323  INFO [main] - event_mechanism.Event.getEvent 39 - Доброе утро, Мир!
2017-08-12 04:46:16,328  INFO [main] - TestEvent.testMorningFirst 58 - Доброе утро, Мир!
2017-08-12 04:46:16,329  INFO [main] - event_mechanism.Event.getEvent 39 - Доброе утро, Мир!
2017-08-12 04:46:16,330  INFO [main] - TestEvent.testMorningThree 72 - Доброе утро, Мир!
2017-08-12 04:46:16,331  INFO [main] - event_mechanism.Event.getEvent 44 - Добрый день, Мир!
2017-08-12 04:46:16,331  INFO [main] - TestEvent.testDayFirst 85 - Добрый день, Мир!
2017-08-12 04:46:16,332  INFO [main] - event_mechanism.Event.getEvent 44 - Добрый день, Мир!
2017-08-12 04:46:16,332  INFO [main] - TestEvent.testDayThree 99 - Добрый день, Мир!
2017-08-12 04:46:16,333  INFO [main] - event_mechanism.Event.getEvent 54 - Спокойной ночи, мир!
2017-08-12 04:46:16,333  INFO [main] - TestEvent.testGetEvent 15 - Спокойной ночи, мир!
2017-08-12 04:46:16,335  INFO [main] - event_mechanism.Event.getEvent 54 - Спокойной ночи, мир!
2017-08-12 04:46:16,335  INFO [main] - TestEvent.testNightFirst 30 - Спокойной ночи, мир!
2017-08-12 04:46:16,338  INFO [main] - event_mechanism.Event.getEvent 54 - Спокойной ночи, мир!
2017-08-12 04:46:16,338  INFO [main] - TestEvent.testNightThree 44 - Спокойной ночи, мир!
2017-08-12 04:46:16,340  INFO [main] - event_mechanism.Event.getEvent 49 - Добрый вечер, Мир!
2017-08-12 04:46:16,340  INFO [main] - TestEvent.testEveningFour 134 - Добрый вечер, Мир!
2017-08-12 04:46:16,346  INFO [main] - event_mechanism.Event.getEvent 39 - Доброе утро, Мир!
2017-08-12 04:46:16,347  INFO [main] - TestEvent.testMorningSecond 65 - Доброе утро, Мир!
2017-08-12 04:46:16,348  INFO [main] - event_mechanism.Event.getEvent 44 - Добрый день, Мир!
2017-08-12 04:46:16,348  INFO [main] - TestEvent.testDaySecond 92 - Добрый день, Мир!
2017-08-12 04:46:16,349  INFO [main] - event_mechanism.Event.getEvent 49 - Добрый вечер, Мир!
2017-08-12 04:46:16,349  INFO [main] - TestEvent.testEveningFirst 113 - Добрый вечер, Мир!
2017-08-12 04:46:16,351  INFO [main] - event_mechanism.Event.getEvent 49 - Добрый вечер, Мир!
2017-08-12 04:46:16,351  INFO [main] - TestEvent.testEveningThree 127 - Добрый вечер, Мир!
2017-08-12 04:46:16,352  INFO [main] - event_mechanism.Event.getEvent 49 - Добрый вечер, Мир!
2017-08-12 04:46:16,352  INFO [main] - TestEvent.testEveningSecond 120 - Добрый вечер, Мир!
2017-08-12 04:46:16,353  INFO [main] - event_mechanism.Event.getEvent 44 - Добрый день, Мир!
2017-08-12 04:46:16,353  INFO [main] - TestEvent.testDayFour 106 - Добрый день, Мир!
2017-08-12 04:46:16,355  INFO [main] - event_mechanism.Event.getEvent 39 - Доброе утро, Мир!
2017-08-12 04:46:16,355  INFO [main] - TestEvent.testMorningFour 79 - Доброе утро, Мир!
2017-08-12 04:46:16,357  INFO [main] - event_mechanism.Event.getEvent 54 - Спокойной ночи, мир!
2017-08-12 04:46:16,357  INFO [main] - TestEvent.testNightSecond 37 - Спокойной ночи, мир!
2017-08-12 04:46:16,358  INFO [main] - event_mechanism.Event.getEvent 54 - Спокойной ночи, мир!
2017-08-12 04:46:16,359  INFO [main] - TestEvent.testNightFour 51 - Спокойной ночи, мир!
